# JRE version: OpenJDK Runtime Environment (8.0_242-b08) (build 1.8.0_242-8u242-b08-0ubuntu3~18.04-b08)
# Java VM: OpenJDK 64-Bit Server VM (25.242-b08 mixed mode linux-amd64 compressed oops)
Heap:
 PSYoungGen      total 499712K, used 0K [0x00000000d6980000, 0x00000000f5c80000, 0x0000000100000000)
  eden space 491520K, 0% used [0x00000000d6980000,0x00000000d6980000,0x00000000f4980000)
  from space 8192K, 0% used [0x00000000f4980000,0x00000000f4980000,0x00000000f5180000)
  to   space 7680K, 0% used [0x00000000f5500000,0x00000000f5500000,0x00000000f5c80000)
 ParOldGen       total 1041408K, used 257752K [0x0000000083c00000, 0x00000000c3500000, 0x00000000d6980000)
  object space 1041408K, 24% used [0x0000000083c00000,0x00000000937b6148,0x00000000c3500000)
 Metaspace       used 28865K, capacity 29089K, committed 29440K, reserved 1075200K
  class space    used 3384K, capacity 3465K, committed 3584K, reserved 1048576K
GC Heap History (10 events):
Event: 5987.385 GC heap after
Heap after GC invocations=39 (full 10):
 PSYoungGen      total 495616K, used 352K [0x00000000d6980000, 0x00000000f5b80000, 0x0000000100000000)
  eden space 484864K, 0% used [0x00000000d6980000,0x00000000d6980000,0x00000000f4300000)
  from space 10752K, 3% used [0x00000000f4300000,0x00000000f4358000,0x00000000f4d80000)
  to   space 9728K, 0% used [0x00000000f5200000,0x00000000f5200000,0x00000000f5b80000)
 ParOldGen       total 1041408K, used 413986K [0x0000000083c00000, 0x00000000c3500000, 0x00000000d6980000)
  object space 1041408K, 39% used [0x0000000083c00000,0x000000009d048828,0x00000000c3500000)
 Metaspace       used 28862K, capacity 29089K, committed 29440K, reserved 1075200K
  class space    used 3384K, capacity 3465K, committed 3584K, reserved 1048576K
}
Event: 6524.300 GC heap before
{Heap before GC invocations=40 (full 10):
 PSYoungGen      total 495616K, used 447820K [0x00000000d6980000, 0x00000000f5b80000, 0x0000000100000000)
  eden space 484864K, 92% used [0x00000000d6980000,0x00000000f1e7b070,0x00000000f4300000)
  from space 10752K, 3% used [0x00000000f4300000,0x00000000f4358000,0x00000000f4d80000)
  to   space 9728K, 0% used [0x00000000f5200000,0x00000000f5200000,0x00000000f5b80000)
 ParOldGen       total 1041408K, used 413986K [0x0000000083c00000, 0x00000000c3500000, 0x00000000d6980000)
  object space 1041408K, 39% used [0x0000000083c00000,0x000000009d048828,0x00000000c3500000)
 Metaspace       used 28862K, capacity 29089K, committed 29440K, reserved 1075200K
  class space    used 3384K, capacity 3465K, committed 3584K, reserved 1048576K
Event: 6524.313 GC heap after
Heap after GC invocations=40 (full 10):
 PSYoungGen      total 496128K, used 480K [0x00000000d6980000, 0x00000000f5900000, 0x0000000100000000)
  eden space 488960K, 0% used [0x00000000d6980000,0x00000000d6980000,0x00000000f4700000)
  from space 7168K, 6% used [0x00000000f5200000,0x00000000f5278000,0x00000000f5900000)
  to   space 9216K, 0% used [0x00000000f4700000,0x00000000f4700000,0x00000000f5000000)
 ParOldGen       total 1041408K, used 413986K [0x0000000083c00000, 0x00000000c3500000, 0x00000000d6980000)
  object space 1041408K, 39% used [0x0000000083c00000,0x000000009d048828,0x00000000c3500000)
 Metaspace       used 28862K, capacity 29089K, committed 29440K, reserved 1075200K
  class space    used 3384K, capacity 3465K, committed 3584K, reserved 1048576K
}
Event: 6828.137 GC heap before
{Heap before GC invocations=41 (full 10):
 PSYoungGen      total 496128K, used 471880K [0x00000000d6980000, 0x00000000f5900000, 0x0000000100000000)
  eden space 488960K, 96% used [0x00000000d6980000,0x00000000f35da360,0x00000000f4700000)
  from space 7168K, 6% used [0x00000000f5200000,0x00000000f5278000,0x00000000f5900000)
  to   space 9216K, 0% used [0x00000000f4700000,0x00000000f4700000,0x00000000f5000000)
 ParOldGen       total 1041408K, used 413986K [0x0000000083c00000, 0x00000000c3500000, 0x00000000d6980000)
  object space 1041408K, 39% used [0x0000000083c00000,0x000000009d048828,0x00000000c3500000)
 Metaspace       used 28863K, capacity 29089K, committed 29440K, reserved 1075200K
  class space    used 3384K, capacity 3465K, committed 3584K, reserved 1048576K
Event: 6828.150 GC heap after
Heap after GC invocations=41 (full 10):
 PSYoungGen      total 498176K, used 352K [0x00000000d6980000, 0x00000000f5b80000, 0x0000000100000000)
  eden space 488960K, 0% used [0x00000000d6980000,0x00000000d6980000,0x00000000f4700000)
  from space 9216K, 3% used [0x00000000f4700000,0x00000000f4758000,0x00000000f5000000)
  to   space 8704K, 0% used [0x00000000f5300000,0x00000000f5300000,0x00000000f5b80000)
 ParOldGen       total 1041408K, used 492111K [0x0000000083c00000, 0x00000000c3500000, 0x00000000d6980000)
  object space 1041408K, 47% used [0x0000000083c00000,0x00000000a1c93c48,0x00000000c3500000)
 Metaspace       used 28863K, capacity 29089K, committed 29440K, reserved 1075200K
  class space    used 3384K, capacity 3465K, committed 3584K, reserved 1048576K
}
Event: 7130.766 GC heap before
{Heap before GC invocations=42 (full 10):
 PSYoungGen      total 498176K, used 472521K [0x00000000d6980000, 0x00000000f5b80000, 0x0000000100000000)
  eden space 488960K, 96% used [0x00000000d6980000,0x00000000f369a410,0x00000000f4700000)
  from space 9216K, 3% used [0x00000000f4700000,0x00000000f4758000,0x00000000f5000000)
  to   space 8704K, 0% used [0x00000000f5300000,0x00000000f5300000,0x00000000f5b80000)
 ParOldGen       total 1041408K, used 492111K [0x0000000083c00000, 0x00000000c3500000, 0x00000000d6980000)
  object space 1041408K, 47% used [0x0000000083c00000,0x00000000a1c93c48,0x00000000c3500000)
 Metaspace       used 28864K, capacity 29089K, committed 29440K, reserved 1075200K
  class space    used 3384K, capacity 3465K, committed 3584K, reserved 1048576K
Event: 7130.792 GC heap after
Heap after GC invocations=42 (full 10):
 PSYoungGen      total 498176K, used 384K [0x00000000d6980000, 0x00000000f5980000, 0x0000000100000000)
  eden space 491520K, 0% used [0x00000000d6980000,0x00000000d6980000,0x00000000f4980000)
  from space 6656K, 5% used [0x00000000f5300000,0x00000000f5360000,0x00000000f5980000)
  to   space 8192K, 0% used [0x00000000f4980000,0x00000000f4980000,0x00000000f5180000)
 ParOldGen       total 1041408K, used 648361K [0x0000000083c00000, 0x00000000c3500000, 0x00000000d6980000)
  object space 1041408K, 62% used [0x0000000083c00000,0x00000000ab52a488,0x00000000c3500000)
 Metaspace       used 28864K, capacity 29089K, committed 29440K, reserved 1075200K
  class space    used 3384K, capacity 3465K, committed 3584K, reserved 1048576K
}
Event: 7433.422 GC heap before
{Heap before GC invocations=43 (full 10):
 PSYoungGen      total 498176K, used 471741K [0x00000000d6980000, 0x00000000f5980000, 0x0000000100000000)
  eden space 491520K, 95% used [0x00000000d6980000,0x00000000f35cf620,0x00000000f4980000)
  from space 6656K, 5% used [0x00000000f5300000,0x00000000f5360000,0x00000000f5980000)
  to   space 8192K, 0% used [0x00000000f4980000,0x00000000f4980000,0x00000000f5180000)
 ParOldGen       total 1041408K, used 648361K [0x0000000083c00000, 0x00000000c3500000, 0x00000000d6980000)
  object space 1041408K, 62% used [0x0000000083c00000,0x00000000ab52a488,0x00000000c3500000)
 Metaspace       used 28865K, capacity 29089K, committed 29440K, reserved 1075200K
  class space    used 3384K, capacity 3465K, committed 3584K, reserved 1048576K
Event: 7434.262 GC heap after
Heap after GC invocations=43 (full 10):
 PSYoungGen      total 499712K, used 384K [0x00000000d6980000, 0x00000000f5c80000, 0x0000000100000000)
  eden space 491520K, 0% used [0x00000000d6980000,0x00000000d6980000,0x00000000f4980000)
  from space 8192K, 4% used [0x00000000f4980000,0x00000000f49e0000,0x00000000f5180000)
  to   space 7680K, 0% used [0x00000000f5500000,0x00000000f5500000,0x00000000f5c80000)
 ParOldGen       total 1041408K, used 882736K [0x0000000083c00000, 0x00000000c3500000, 0x00000000d6980000)
  object space 1041408K, 84% used [0x0000000083c00000,0x00000000b9a0c0e8,0x00000000c3500000)
 Metaspace       used 28865K, capacity 29089K, committed 29440K, reserved 1075200K
  class space    used 3384K, capacity 3465K, committed 3584K, reserved 1048576K
}
Event: 7434.297 GC heap before
{Heap before GC invocations=44 (full 11):
 PSYoungGen      total 499712K, used 384K [0x00000000d6980000, 0x00000000f5c80000, 0x0000000100000000)
  eden space 491520K, 0% used [0x00000000d6980000,0x00000000d6980000,0x00000000f4980000)
  from space 8192K, 4% used [0x00000000f4980000,0x00000000f49e0000,0x00000000f5180000)
  to   space 7680K, 0% used [0x00000000f5500000,0x00000000f5500000,0x00000000f5c80000)
 ParOldGen       total 1041408K, used 882736K [0x0000000083c00000, 0x00000000c3500000, 0x00000000d6980000)
  object space 1041408K, 84% used [0x0000000083c00000,0x00000000b9a0c0e8,0x00000000c3500000)
 Metaspace       used 28865K, capacity 29089K, committed 29440K, reserved 1075200K
  class space    used 3384K, capacity 3465K, committed 3584K, reserved 1048576K

