# JRE version: OpenJDK Runtime Environment (8.0_242-b08) (build 1.8.0_242-8u242-b08-0ubuntu3~18.04-b08)
# Java VM: OpenJDK 64-Bit Server VM (25.242-b08 mixed mode linux-amd64 compressed oops)
Heap:
 PSYoungGen      total 507392K, used 0K [0x00000000d6980000, 0x00000000f7680000, 0x0000000100000000)
  eden space 495616K, 0% used [0x00000000d6980000,0x00000000d6980000,0x00000000f4d80000)
  from space 11776K, 0% used [0x00000000f6b00000,0x00000000f6b00000,0x00000000f7680000)
  to   space 20992K, 0% used [0x00000000f4d80000,0x00000000f4d80000,0x00000000f6200000)
 ParOldGen       total 440320K, used 297072K [0x0000000083c00000, 0x000000009ea00000, 0x00000000d6980000)
  object space 440320K, 67% used [0x0000000083c00000,0x0000000095e1c050,0x000000009ea00000)
 Metaspace       used 28843K, capacity 29113K, committed 29440K, reserved 1075200K
  class space    used 3386K, capacity 3473K, committed 3584K, reserved 1048576K
GC Heap History (10 events):
Event: 335.397 GC heap after
Heap after GC invocations=14 (full 3):
 PSYoungGen      total 260096K, used 497K [0x00000000d6980000, 0x00000000eea00000, 0x0000000100000000)
  eden space 239616K, 0% used [0x00000000d6980000,0x00000000d6980000,0x00000000e5380000)
  from space 20480K, 2% used [0x00000000e5380000,0x00000000e53fc790,0x00000000e6780000)
  to   space 20992K, 0% used [0x00000000ed580000,0x00000000ed580000,0x00000000eea00000)
 ParOldGen       total 405504K, used 376652K [0x0000000083c00000, 0x000000009c800000, 0x00000000d6980000)
  object space 405504K, 92% used [0x0000000083c00000,0x000000009abd3368,0x000000009c800000)
 Metaspace       used 28747K, capacity 28985K, committed 29184K, reserved 1075200K
  class space    used 3386K, capacity 3473K, committed 3584K, reserved 1048576K
}
Event: 335.397 GC heap before
{Heap before GC invocations=15 (full 4):
 PSYoungGen      total 260096K, used 497K [0x00000000d6980000, 0x00000000eea00000, 0x0000000100000000)
  eden space 239616K, 0% used [0x00000000d6980000,0x00000000d6980000,0x00000000e5380000)
  from space 20480K, 2% used [0x00000000e5380000,0x00000000e53fc790,0x00000000e6780000)
  to   space 20992K, 0% used [0x00000000ed580000,0x00000000ed580000,0x00000000eea00000)
 ParOldGen       total 405504K, used 376652K [0x0000000083c00000, 0x000000009c800000, 0x00000000d6980000)
  object space 405504K, 92% used [0x0000000083c00000,0x000000009abd3368,0x000000009c800000)
 Metaspace       used 28747K, capacity 28985K, committed 29184K, reserved 1075200K
  class space    used 3386K, capacity 3473K, committed 3584K, reserved 1048576K
Event: 335.471 GC heap after
Heap after GC invocations=15 (full 4):
 PSYoungGen      total 260096K, used 0K [0x00000000d6980000, 0x00000000eea00000, 0x0000000100000000)
  eden space 239616K, 0% used [0x00000000d6980000,0x00000000d6980000,0x00000000e5380000)
  from space 20480K, 0% used [0x00000000e5380000,0x00000000e5380000,0x00000000e6780000)
  to   space 20992K, 0% used [0x00000000ed580000,0x00000000ed580000,0x00000000eea00000)
 ParOldGen       total 322048K, used 140898K [0x0000000083c00000, 0x0000000097680000, 0x00000000d6980000)
  object space 322048K, 43% used [0x0000000083c00000,0x000000008c598ac8,0x0000000097680000)
 Metaspace       used 28747K, capacity 28985K, committed 29184K, reserved 1075200K
  class space    used 3386K, capacity 3473K, committed 3584K, reserved 1048576K
}
Event: 517.988 GC heap before
{Heap before GC invocations=16 (full 4):
 PSYoungGen      total 260096K, used 239616K [0x00000000d6980000, 0x00000000eea00000, 0x0000000100000000)
  eden space 239616K, 100% used [0x00000000d6980000,0x00000000e5380000,0x00000000e5380000)
  from space 20480K, 0% used [0x00000000e5380000,0x00000000e5380000,0x00000000e6780000)
  to   space 20992K, 0% used [0x00000000ed580000,0x00000000ed580000,0x00000000eea00000)
 ParOldGen       total 322048K, used 140898K [0x0000000083c00000, 0x0000000097680000, 0x00000000d6980000)
  object space 322048K, 43% used [0x0000000083c00000,0x000000008c598ac8,0x0000000097680000)
 Metaspace       used 28779K, capacity 28985K, committed 29184K, reserved 1075200K
  class space    used 3386K, capacity 3473K, committed 3584K, reserved 1048576K
Event: 518.013 GC heap after
Heap after GC invocations=16 (full 4):
 PSYoungGen      total 372224K, used 224K [0x00000000d6980000, 0x00000000eeb00000, 0x0000000100000000)
  eden space 351232K, 0% used [0x00000000d6980000,0x00000000d6980000,0x00000000ec080000)
  from space 20992K, 1% used [0x00000000ed580000,0x00000000ed5b8000,0x00000000eea00000)
  to   space 21504K, 0% used [0x00000000ec080000,0x00000000ec080000,0x00000000ed580000)
 ParOldGen       total 322048K, used 140906K [0x0000000083c00000, 0x0000000097680000, 0x00000000d6980000)
  object space 322048K, 43% used [0x0000000083c00000,0x000000008c59aac8,0x0000000097680000)
 Metaspace       used 28779K, capacity 28985K, committed 29184K, reserved 1075200K
  class space    used 3386K, capacity 3473K, committed 3584K, reserved 1048576K
}
Event: 650.560 GC heap before
{Heap before GC invocations=17 (full 4):
 PSYoungGen      total 372224K, used 351456K [0x00000000d6980000, 0x00000000eeb00000, 0x0000000100000000)
  eden space 351232K, 100% used [0x00000000d6980000,0x00000000ec080000,0x00000000ec080000)
  from space 20992K, 1% used [0x00000000ed580000,0x00000000ed5b8000,0x00000000eea00000)
  to   space 21504K, 0% used [0x00000000ec080000,0x00000000ec080000,0x00000000ed580000)
 ParOldGen       total 322048K, used 140906K [0x0000000083c00000, 0x0000000097680000, 0x00000000d6980000)
  object space 322048K, 43% used [0x0000000083c00000,0x000000008c59aac8,0x0000000097680000)
 Metaspace       used 28814K, capacity 29049K, committed 29440K, reserved 1075200K
  class space    used 3386K, capacity 3473K, committed 3584K, reserved 1048576K
Event: 650.563 GC heap after
Heap after GC invocations=17 (full 4):
 PSYoungGen      total 372736K, used 192K [0x00000000d6980000, 0x00000000f8000000, 0x0000000100000000)
  eden space 351232K, 0% used [0x00000000d6980000,0x00000000d6980000,0x00000000ec080000)
  from space 21504K, 0% used [0x00000000ec080000,0x00000000ec0b0000,0x00000000ed580000)
  to   space 21504K, 0% used [0x00000000f6b00000,0x00000000f6b00000,0x00000000f8000000)
 ParOldGen       total 322048K, used 140930K [0x0000000083c00000, 0x0000000097680000, 0x00000000d6980000)
  object space 322048K, 43% used [0x0000000083c00000,0x000000008c5a0ac8,0x0000000097680000)
 Metaspace       used 28814K, capacity 29049K, committed 29440K, reserved 1075200K
  class space    used 3386K, capacity 3473K, committed 3584K, reserved 1048576K
}
Event: 1034.060 GC heap before
{Heap before GC invocations=18 (full 4):
 PSYoungGen      total 372736K, used 349573K [0x00000000d6980000, 0x00000000f8000000, 0x0000000100000000)
  eden space 351232K, 99% used [0x00000000d6980000,0x00000000ebeb16a8,0x00000000ec080000)
  from space 21504K, 0% used [0x00000000ec080000,0x00000000ec0b0000,0x00000000ed580000)
  to   space 21504K, 0% used [0x00000000f6b00000,0x00000000f6b00000,0x00000000f8000000)
 ParOldGen       total 322048K, used 140930K [0x0000000083c00000, 0x0000000097680000, 0x00000000d6980000)
  object space 322048K, 43% used [0x0000000083c00000,0x000000008c5a0ac8,0x0000000097680000)
 Metaspace       used 28843K, capacity 29113K, committed 29440K, reserved 1075200K
  class space    used 3386K, capacity 3473K, committed 3584K, reserved 1048576K
Event: 1050.425 GC heap after
Heap after GC invocations=18 (full 4):
 PSYoungGen      total 507392K, used 416K [0x00000000d6980000, 0x00000000f7680000, 0x0000000100000000)
  eden space 495616K, 0% used [0x00000000d6980000,0x00000000d6980000,0x00000000f4d80000)
  from space 11776K, 3% used [0x00000000f6b00000,0x00000000f6b68000,0x00000000f7680000)
  to   space 20992K, 0% used [0x00000000f4d80000,0x00000000f4d80000,0x00000000f6200000)
 ParOldGen       total 440320K, used 414384K [0x0000000083c00000, 0x000000009ea00000, 0x00000000d6980000)
  object space 440320K, 94% used [0x0000000083c00000,0x000000009d0ac138,0x000000009ea00000)
 Metaspace       used 28843K, capacity 29113K, committed 29440K, reserved 1075200K
  class space    used 3386K, capacity 3473K, committed 3584K, reserved 1048576K
}
Event: 1052.428 GC heap before
{Heap before GC invocations=19 (full 5):
 PSYoungGen      total 507392K, used 416K [0x00000000d6980000, 0x00000000f7680000, 0x0000000100000000)
  eden space 495616K, 0% used [0x00000000d6980000,0x00000000d6980000,0x00000000f4d80000)
  from space 11776K, 3% used [0x00000000f6b00000,0x00000000f6b68000,0x00000000f7680000)
  to   space 20992K, 0% used [0x00000000f4d80000,0x00000000f4d80000,0x00000000f6200000)
 ParOldGen       total 440320K, used 414384K [0x0000000083c00000, 0x000000009ea00000, 0x00000000d6980000)
  object space 440320K, 94% used [0x0000000083c00000,0x000000009d0ac138,0x000000009ea00000)
 Metaspace       used 28843K, capacity 29113K, committed 29440K, reserved 1075200K
  class space    used 3386K, capacity 3473K, committed 3584K, reserved 1048576K

