# JRE version: OpenJDK Runtime Environment (8.0_222-b10) (build 1.8.0_222-8u222-b10-1ubuntu1~18.04.1-b10)
# Java VM: OpenJDK 64-Bit Server VM (25.222-b10 mixed mode linux-amd64 compressed oops)
Heap:
 PSYoungGen      total 677376K, used 0K [0x00000000d6980000, 0x0000000100000000, 0x0000000100000000)
  eden space 676352K, 0% used [0x00000000d6980000,0x00000000d6980000,0x00000000ffe00000)
  from space 1024K, 0% used [0x00000000fff00000,0x00000000fff00000,0x0000000100000000)
  to   space 1024K, 0% used [0x00000000ffe00000,0x00000000ffe00000,0x00000000fff00000)
 ParOldGen       total 843776K, used 304826K [0x0000000083c00000, 0x00000000b7400000, 0x00000000d6980000)
  object space 843776K, 36% used [0x0000000083c00000,0x00000000965ae9c0,0x00000000b7400000)
 Metaspace       used 28978K, capacity 29203K, committed 29696K, reserved 1075200K
  class space    used 3394K, capacity 3464K, committed 3584K, reserved 1048576K
GC Heap History (10 events):
Event: 73173.706 GC heap after
Heap after GC invocations=219 (full 50):
 PSYoungGen      total 677376K, used 384K [0x00000000d6980000, 0x0000000100000000, 0x0000000100000000)
  eden space 676352K, 0% used [0x00000000d6980000,0x00000000d6980000,0x00000000ffe00000)
  from space 1024K, 37% used [0x00000000fff00000,0x00000000fff60000,0x0000000100000000)
  to   space 1024K, 0% used [0x00000000ffe00000,0x00000000ffe00000,0x00000000fff00000)
 ParOldGen       total 843776K, used 304962K [0x0000000083c00000, 0x00000000b7400000, 0x00000000d6980000)
  object space 843776K, 36% used [0x0000000083c00000,0x00000000965d0bc0,0x00000000b7400000)
 Metaspace       used 28978K, capacity 29203K, committed 29696K, reserved 1075200K
  class space    used 3394K, capacity 3464K, committed 3584K, reserved 1048576K
}
Event: 73590.504 GC heap before
{Heap before GC invocations=220 (full 50):
 PSYoungGen      total 677376K, used 658690K [0x00000000d6980000, 0x0000000100000000, 0x0000000100000000)
  eden space 676352K, 97% used [0x00000000d6980000,0x00000000fec60870,0x00000000ffe00000)
  from space 1024K, 37% used [0x00000000fff00000,0x00000000fff60000,0x0000000100000000)
  to   space 1024K, 0% used [0x00000000ffe00000,0x00000000ffe00000,0x00000000fff00000)
 ParOldGen       total 843776K, used 304962K [0x0000000083c00000, 0x00000000b7400000, 0x00000000d6980000)
  object space 843776K, 36% used [0x0000000083c00000,0x00000000965d0bc0,0x00000000b7400000)
 Metaspace       used 28978K, capacity 29203K, committed 29696K, reserved 1075200K
  class space    used 3394K, capacity 3464K, committed 3584K, reserved 1048576K
Event: 73632.479 GC heap after
Heap after GC invocations=220 (full 50):
 PSYoungGen      total 677376K, used 448K [0x00000000d6980000, 0x0000000100000000, 0x0000000100000000)
  eden space 676352K, 0% used [0x00000000d6980000,0x00000000d6980000,0x00000000ffe00000)
  from space 1024K, 43% used [0x00000000ffe00000,0x00000000ffe70000,0x00000000fff00000)
  to   space 1024K, 0% used [0x00000000fff00000,0x00000000fff00000,0x0000000100000000)
 ParOldGen       total 843776K, used 422150K [0x0000000083c00000, 0x00000000b7400000, 0x00000000d6980000)
  object space 843776K, 50% used [0x0000000083c00000,0x000000009d8419f0,0x00000000b7400000)
 Metaspace       used 28978K, capacity 29203K, committed 29696K, reserved 1075200K
  class space    used 3394K, capacity 3464K, committed 3584K, reserved 1048576K
}
Event: 74246.099 GC heap before
{Heap before GC invocations=221 (full 50):
 PSYoungGen      total 677376K, used 668942K [0x00000000d6980000, 0x0000000100000000, 0x0000000100000000)
  eden space 676352K, 98% used [0x00000000d6980000,0x00000000ff653a60,0x00000000ffe00000)
  from space 1024K, 43% used [0x00000000ffe00000,0x00000000ffe70000,0x00000000fff00000)
  to   space 1024K, 0% used [0x00000000fff00000,0x00000000fff00000,0x0000000100000000)
 ParOldGen       total 843776K, used 422150K [0x0000000083c00000, 0x00000000b7400000, 0x00000000d6980000)
  object space 843776K, 50% used [0x0000000083c00000,0x000000009d8419f0,0x00000000b7400000)
 Metaspace       used 28978K, capacity 29203K, committed 29696K, reserved 1075200K
  class space    used 3394K, capacity 3464K, committed 3584K, reserved 1048576K
Event: 74246.217 GC heap after
Heap after GC invocations=221 (full 50):
 PSYoungGen      total 677376K, used 544K [0x00000000d6980000, 0x0000000100000000, 0x0000000100000000)
  eden space 676352K, 0% used [0x00000000d6980000,0x00000000d6980000,0x00000000ffe00000)
  from space 1024K, 53% used [0x00000000fff00000,0x00000000fff88000,0x0000000100000000)
  to   space 1024K, 0% used [0x00000000ffe00000,0x00000000ffe00000,0x00000000fff00000)
 ParOldGen       total 843776K, used 422158K [0x0000000083c00000, 0x00000000b7400000, 0x00000000d6980000)
  object space 843776K, 50% used [0x0000000083c00000,0x000000009d8439f0,0x00000000b7400000)
 Metaspace       used 28978K, capacity 29203K, committed 29696K, reserved 1075200K
  class space    used 3394K, capacity 3464K, committed 3584K, reserved 1048576K
}
Event: 74860.984 GC heap before
{Heap before GC invocations=222 (full 50):
 PSYoungGen      total 677376K, used 663031K [0x00000000d6980000, 0x0000000100000000, 0x0000000100000000)
  eden space 676352K, 97% used [0x00000000d6980000,0x00000000ff075f20,0x00000000ffe00000)
  from space 1024K, 53% used [0x00000000fff00000,0x00000000fff88000,0x0000000100000000)
  to   space 1024K, 0% used [0x00000000ffe00000,0x00000000ffe00000,0x00000000fff00000)
 ParOldGen       total 843776K, used 422158K [0x0000000083c00000, 0x00000000b7400000, 0x00000000d6980000)
  object space 843776K, 50% used [0x0000000083c00000,0x000000009d8439f0,0x00000000b7400000)
 Metaspace       used 28978K, capacity 29203K, committed 29696K, reserved 1075200K
  class space    used 3394K, capacity 3464K, committed 3584K, reserved 1048576K
Event: 74861.389 GC heap after
Heap after GC invocations=222 (full 50):
 PSYoungGen      total 677376K, used 416K [0x00000000d6980000, 0x0000000100000000, 0x0000000100000000)
  eden space 676352K, 0% used [0x00000000d6980000,0x00000000d6980000,0x00000000ffe00000)
  from space 1024K, 40% used [0x00000000ffe00000,0x00000000ffe68000,0x00000000fff00000)
  to   space 1024K, 0% used [0x00000000fff00000,0x00000000fff00000,0x0000000100000000)
 ParOldGen       total 843776K, used 422166K [0x0000000083c00000, 0x00000000b7400000, 0x00000000d6980000)
  object space 843776K, 50% used [0x0000000083c00000,0x000000009d8459f0,0x00000000b7400000)
 Metaspace       used 28978K, capacity 29203K, committed 29696K, reserved 1075200K
  class space    used 3394K, capacity 3464K, committed 3584K, reserved 1048576K
}
Event: 75192.309 GC heap before
{Heap before GC invocations=223 (full 50):
 PSYoungGen      total 677376K, used 671242K [0x00000000d6980000, 0x0000000100000000, 0x0000000100000000)
  eden space 676352K, 99% used [0x00000000d6980000,0x00000000ff89a8b8,0x00000000ffe00000)
  from space 1024K, 40% used [0x00000000ffe00000,0x00000000ffe68000,0x00000000fff00000)
  to   space 1024K, 0% used [0x00000000fff00000,0x00000000fff00000,0x0000000100000000)
 ParOldGen       total 843776K, used 422166K [0x0000000083c00000, 0x00000000b7400000, 0x00000000d6980000)
  object space 843776K, 50% used [0x0000000083c00000,0x000000009d8459f0,0x00000000b7400000)
 Metaspace       used 28978K, capacity 29203K, committed 29696K, reserved 1075200K
  class space    used 3394K, capacity 3464K, committed 3584K, reserved 1048576K
Event: 75237.808 GC heap after
Heap after GC invocations=223 (full 50):
 PSYoungGen      total 677376K, used 416K [0x00000000d6980000, 0x0000000100000000, 0x0000000100000000)
  eden space 676352K, 0% used [0x00000000d6980000,0x00000000d6980000,0x00000000ffe00000)
  from space 1024K, 40% used [0x00000000fff00000,0x00000000fff68000,0x0000000100000000)
  to   space 1024K, 0% used [0x00000000ffe00000,0x00000000ffe00000,0x00000000fff00000)
 ParOldGen       total 843776K, used 695604K [0x0000000083c00000, 0x00000000b7400000, 0x00000000d6980000)
  object space 843776K, 82% used [0x0000000083c00000,0x00000000ae34d060,0x00000000b7400000)
 Metaspace       used 28978K, capacity 29203K, committed 29696K, reserved 1075200K
  class space    used 3394K, capacity 3464K, committed 3584K, reserved 1048576K
}
Event: 75237.820 GC heap before
{Heap before GC invocations=224 (full 51):
 PSYoungGen      total 677376K, used 416K [0x00000000d6980000, 0x0000000100000000, 0x0000000100000000)
  eden space 676352K, 0% used [0x00000000d6980000,0x00000000d6980000,0x00000000ffe00000)
  from space 1024K, 40% used [0x00000000fff00000,0x00000000fff68000,0x0000000100000000)
  to   space 1024K, 0% used [0x00000000ffe00000,0x00000000ffe00000,0x00000000fff00000)
 ParOldGen       total 843776K, used 695604K [0x0000000083c00000, 0x00000000b7400000, 0x00000000d6980000)
  object space 843776K, 82% used [0x0000000083c00000,0x00000000ae34d060,0x00000000b7400000)
 Metaspace       used 28978K, capacity 29203K, committed 29696K, reserved 1075200K
  class space    used 3394K, capacity 3464K, committed 3584K, reserved 1048576K

