# JRE version: OpenJDK Runtime Environment (8.0_242-b08) (build 1.8.0_242-8u242-b08-0ubuntu3~18.04-b08)
# Java VM: OpenJDK 64-Bit Server VM (25.242-b08 mixed mode linux-amd64 compressed oops)
Heap:
 PSYoungGen      total 432128K, used 0K [0x00000000d6980000, 0x00000000f3d00000, 0x0000000100000000)
  eden space 413184K, 0% used [0x00000000d6980000,0x00000000d6980000,0x00000000efd00000)
  from space 18944K, 0% used [0x00000000efd00000,0x00000000efd00000,0x00000000f0f80000)
  to   space 18432K, 0% used [0x00000000f2b00000,0x00000000f2b00000,0x00000000f3d00000)
 ParOldGen       total 731648K, used 297359K [0x0000000083c00000, 0x00000000b0680000, 0x00000000d6980000)
  object space 731648K, 40% used [0x0000000083c00000,0x0000000095e63c80,0x00000000b0680000)
 Metaspace       used 28831K, capacity 29083K, committed 29440K, reserved 1075200K
  class space    used 3382K, capacity 3464K, committed 3584K, reserved 1048576K
GC Heap History (10 events):
Event: 1518.360 GC heap after
Heap after GC invocations=19 (full 5):
 PSYoungGen      total 386048K, used 288K [0x00000000d6980000, 0x00000000eff80000, 0x0000000100000000)
  eden space 375808K, 0% used [0x00000000d6980000,0x00000000d6980000,0x00000000ed880000)
  from space 10240K, 2% used [0x00000000ef580000,0x00000000ef5c8000,0x00000000eff80000)
  to   space 19968K, 0% used [0x00000000ed880000,0x00000000ed880000,0x00000000eec00000)
 ParOldGen       total 538624K, used 297359K [0x0000000083c00000, 0x00000000a4a00000, 0x00000000d6980000)
  object space 538624K, 55% used [0x0000000083c00000,0x0000000095e63ed0,0x00000000a4a00000)
 Metaspace       used 28835K, capacity 29061K, committed 29440K, reserved 1075200K
  class space    used 3388K, capacity 3475K, committed 3584K, reserved 1048576K
}
Event: 1728.946 GC heap before
{Heap before GC invocations=20 (full 5):
 PSYoungGen      total 386048K, used 376096K [0x00000000d6980000, 0x00000000eff80000, 0x0000000100000000)
  eden space 375808K, 100% used [0x00000000d6980000,0x00000000ed880000,0x00000000ed880000)
  from space 10240K, 2% used [0x00000000ef580000,0x00000000ef5c8000,0x00000000eff80000)
  to   space 19968K, 0% used [0x00000000ed880000,0x00000000ed880000,0x00000000eec00000)
 ParOldGen       total 538624K, used 297359K [0x0000000083c00000, 0x00000000a4a00000, 0x00000000d6980000)
  object space 538624K, 55% used [0x0000000083c00000,0x0000000095e63ed0,0x00000000a4a00000)
 Metaspace       used 28837K, capacity 29061K, committed 29440K, reserved 1075200K
  class space    used 3388K, capacity 3475K, committed 3584K, reserved 1048576K
Event: 1732.493 GC heap after
Heap after GC invocations=20 (full 5):
 PSYoungGen      total 395776K, used 352K [0x00000000d6980000, 0x00000000f2280000, 0x0000000100000000)
  eden space 375808K, 0% used [0x00000000d6980000,0x00000000d6980000,0x00000000ed880000)
  from space 19968K, 1% used [0x00000000ed880000,0x00000000ed8d8000,0x00000000eec00000)
  to   space 19456K, 0% used [0x00000000f0f80000,0x00000000f0f80000,0x00000000f2280000)
 ParOldGen       total 538624K, used 375492K [0x0000000083c00000, 0x00000000a4a00000, 0x00000000d6980000)
  object space 538624K, 69% used [0x0000000083c00000,0x000000009aab12f0,0x00000000a4a00000)
 Metaspace       used 28837K, capacity 29061K, committed 29440K, reserved 1075200K
  class space    used 3388K, capacity 3475K, committed 3584K, reserved 1048576K
}
Event: 2040.175 GC heap before
{Heap before GC invocations=21 (full 5):
 PSYoungGen      total 395776K, used 363367K [0x00000000d6980000, 0x00000000f2280000, 0x0000000100000000)
  eden space 375808K, 96% used [0x00000000d6980000,0x00000000ecc01d60,0x00000000ed880000)
  from space 19968K, 1% used [0x00000000ed880000,0x00000000ed8d8000,0x00000000eec00000)
  to   space 19456K, 0% used [0x00000000f0f80000,0x00000000f0f80000,0x00000000f2280000)
 ParOldGen       total 538624K, used 375492K [0x0000000083c00000, 0x00000000a4a00000, 0x00000000d6980000)
  object space 538624K, 69% used [0x0000000083c00000,0x000000009aab12f0,0x00000000a4a00000)
 Metaspace       used 28848K, capacity 29125K, committed 29440K, reserved 1075200K
  class space    used 3388K, capacity 3475K, committed 3584K, reserved 1048576K
Event: 2051.020 GC heap after
Heap after GC invocations=21 (full 5):
 PSYoungGen      total 432640K, used 384K [0x00000000d6980000, 0x00000000f2480000, 0x0000000100000000)
  eden space 413184K, 0% used [0x00000000d6980000,0x00000000d6980000,0x00000000efd00000)
  from space 19456K, 1% used [0x00000000f0f80000,0x00000000f0fe0000,0x00000000f2280000)
  to   space 18944K, 0% used [0x00000000efd00000,0x00000000efd00000,0x00000000f0f80000)
 ParOldGen       total 656896K, used 648938K [0x0000000083c00000, 0x00000000abd80000, 0x00000000d6980000)
  object space 656896K, 98% used [0x0000000083c00000,0x00000000ab5ba960,0x00000000abd80000)
 Metaspace       used 28848K, capacity 29125K, committed 29440K, reserved 1075200K
  class space    used 3388K, capacity 3475K, committed 3584K, reserved 1048576K
}
Event: 2051.040 GC heap before
{Heap before GC invocations=22 (full 6):
 PSYoungGen      total 432640K, used 384K [0x00000000d6980000, 0x00000000f2480000, 0x0000000100000000)
  eden space 413184K, 0% used [0x00000000d6980000,0x00000000d6980000,0x00000000efd00000)
  from space 19456K, 1% used [0x00000000f0f80000,0x00000000f0fe0000,0x00000000f2280000)
  to   space 18944K, 0% used [0x00000000efd00000,0x00000000efd00000,0x00000000f0f80000)
 ParOldGen       total 656896K, used 648938K [0x0000000083c00000, 0x00000000abd80000, 0x00000000d6980000)
  object space 656896K, 98% used [0x0000000083c00000,0x00000000ab5ba960,0x00000000abd80000)
 Metaspace       used 28848K, capacity 29125K, committed 29440K, reserved 1075200K
  class space    used 3388K, capacity 3475K, committed 3584K, reserved 1048576K
Event: 2069.403 GC heap after
Heap after GC invocations=22 (full 6):
 PSYoungGen      total 432640K, used 0K [0x00000000d6980000, 0x00000000f2480000, 0x0000000100000000)
  eden space 413184K, 0% used [0x00000000d6980000,0x00000000d6980000,0x00000000efd00000)
  from space 19456K, 0% used [0x00000000f0f80000,0x00000000f0f80000,0x00000000f2280000)
  to   space 18944K, 0% used [0x00000000efd00000,0x00000000efd00000,0x00000000f0f80000)
 ParOldGen       total 731648K, used 297359K [0x0000000083c00000, 0x00000000b0680000, 0x00000000d6980000)
  object space 731648K, 40% used [0x0000000083c00000,0x0000000095e63c38,0x00000000b0680000)
 Metaspace       used 28827K, capacity 29083K, committed 29440K, reserved 1075200K
  class space    used 3382K, capacity 3464K, committed 3584K, reserved 1048576K
}
Event: 2380.037 GC heap before
{Heap before GC invocations=23 (full 6):
 PSYoungGen      total 432640K, used 400699K [0x00000000d6980000, 0x00000000f2480000, 0x0000000100000000)
  eden space 413184K, 96% used [0x00000000d6980000,0x00000000ef0cecf0,0x00000000efd00000)
  from space 19456K, 0% used [0x00000000f0f80000,0x00000000f0f80000,0x00000000f2280000)
  to   space 18944K, 0% used [0x00000000efd00000,0x00000000efd00000,0x00000000f0f80000)
 ParOldGen       total 731648K, used 297359K [0x0000000083c00000, 0x00000000b0680000, 0x00000000d6980000)
  object space 731648K, 40% used [0x0000000083c00000,0x0000000095e63c38,0x00000000b0680000)
 Metaspace       used 28831K, capacity 29083K, committed 29440K, reserved 1075200K
  class space    used 3382K, capacity 3464K, committed 3584K, reserved 1048576K
Event: 2380.272 GC heap after
Heap after GC invocations=23 (full 6):
 PSYoungGen      total 432128K, used 416K [0x00000000d6980000, 0x00000000f3d00000, 0x0000000100000000)
  eden space 413184K, 0% used [0x00000000d6980000,0x00000000d6980000,0x00000000efd00000)
  from space 18944K, 2% used [0x00000000efd00000,0x00000000efd68000,0x00000000f0f80000)
  to   space 18432K, 0% used [0x00000000f2b00000,0x00000000f2b00000,0x00000000f3d00000)
 ParOldGen       total 731648K, used 570796K [0x0000000083c00000, 0x00000000b0680000, 0x00000000d6980000)
  object space 731648K, 78% used [0x0000000083c00000,0x00000000a696b2a8,0x00000000b0680000)
 Metaspace       used 28831K, capacity 29083K, committed 29440K, reserved 1075200K
  class space    used 3382K, capacity 3464K, committed 3584K, reserved 1048576K
}
Event: 2380.272 GC heap before
{Heap before GC invocations=24 (full 7):
 PSYoungGen      total 432128K, used 416K [0x00000000d6980000, 0x00000000f3d00000, 0x0000000100000000)
  eden space 413184K, 0% used [0x00000000d6980000,0x00000000d6980000,0x00000000efd00000)
  from space 18944K, 2% used [0x00000000efd00000,0x00000000efd68000,0x00000000f0f80000)
  to   space 18432K, 0% used [0x00000000f2b00000,0x00000000f2b00000,0x00000000f3d00000)
 ParOldGen       total 731648K, used 570796K [0x0000000083c00000, 0x00000000b0680000, 0x00000000d6980000)
  object space 731648K, 78% used [0x0000000083c00000,0x00000000a696b2a8,0x00000000b0680000)
 Metaspace       used 28831K, capacity 29083K, committed 29440K, reserved 1075200K
  class space    used 3382K, capacity 3464K, committed 3584K, reserved 1048576K

