# JRE version: OpenJDK Runtime Environment (8.0_242-b08) (build 1.8.0_242-8u242-b08-0ubuntu3~18.04-b08)
# Java VM: OpenJDK 64-Bit Server VM (25.242-b08 mixed mode linux-amd64 compressed oops)
Heap:
 PSYoungGen      total 415232K, used 320K [0x00000000d6980000, 0x00000000f1400000, 0x0000000100000000)
  eden space 393728K, 0% used [0x00000000d6980000,0x00000000d6980000,0x00000000eea00000)
  from space 21504K, 1% used [0x00000000eea00000,0x00000000eea50000,0x00000000eff00000)
  to   space 19456K, 0% used [0x00000000f0100000,0x00000000f0100000,0x00000000f1400000)
 ParOldGen       total 324608K, used 140668K [0x0000000083c00000, 0x0000000097900000, 0x00000000d6980000)
  object space 324608K, 43% used [0x0000000083c00000,0x000000008c55f128,0x0000000097900000)
 Metaspace       used 28845K, capacity 29117K, committed 29440K, reserved 1075200K
  class space    used 3385K, capacity 3475K, committed 3584K, reserved 1048576K
GC Heap History (10 events):
Event: 71.862 GC heap after
Heap after GC invocations=10 (full 3):
 PSYoungGen      total 203776K, used 0K [0x00000000d6980000, 0x00000000ea900000, 0x0000000100000000)
  eden space 183808K, 0% used [0x00000000d6980000,0x00000000d6980000,0x00000000e1d00000)
  from space 19968K, 0% used [0x00000000e1d00000,0x00000000e1d00000,0x00000000e3080000)
  to   space 18944K, 0% used [0x00000000e9680000,0x00000000e9680000,0x00000000ea900000)
 ParOldGen       total 228352K, used 101579K [0x0000000083c00000, 0x0000000091b00000, 0x00000000d6980000)
  object space 228352K, 44% used [0x0000000083c00000,0x0000000089f32f28,0x0000000091b00000)
 Metaspace       used 28672K, capacity 28925K, committed 29184K, reserved 1075200K
  class space    used 3385K, capacity 3475K, committed 3584K, reserved 1048576K
}
Event: 73.886 GC heap before
{Heap before GC invocations=11 (full 3):
 PSYoungGen      total 203776K, used 159484K [0x00000000d6980000, 0x00000000ea900000, 0x0000000100000000)
  eden space 183808K, 86% used [0x00000000d6980000,0x00000000e053f308,0x00000000e1d00000)
  from space 19968K, 0% used [0x00000000e1d00000,0x00000000e1d00000,0x00000000e3080000)
  to   space 18944K, 0% used [0x00000000e9680000,0x00000000e9680000,0x00000000ea900000)
 ParOldGen       total 228352K, used 101579K [0x0000000083c00000, 0x0000000091b00000, 0x00000000d6980000)
  object space 228352K, 44% used [0x0000000083c00000,0x0000000089f32f28,0x0000000091b00000)
 Metaspace       used 28673K, capacity 28925K, committed 29184K, reserved 1075200K
  class space    used 3385K, capacity 3475K, committed 3584K, reserved 1048576K
Event: 73.983 GC heap after
Heap after GC invocations=11 (full 3):
 PSYoungGen      total 306688K, used 96K [0x00000000d6980000, 0x00000000ec000000, 0x0000000100000000)
  eden space 287744K, 0% used [0x00000000d6980000,0x00000000d6980000,0x00000000e8280000)
  from space 18944K, 0% used [0x00000000e9680000,0x00000000e9698000,0x00000000ea900000)
  to   space 20480K, 0% used [0x00000000e8280000,0x00000000e8280000,0x00000000e9680000)
 ParOldGen       total 228352K, used 140642K [0x0000000083c00000, 0x0000000091b00000, 0x00000000d6980000)
  object space 228352K, 61% used [0x0000000083c00000,0x000000008c558938,0x0000000091b00000)
 Metaspace       used 28673K, capacity 28925K, committed 29184K, reserved 1075200K
  class space    used 3385K, capacity 3475K, committed 3584K, reserved 1048576K
}
Event: 378.131 GC heap before
{Heap before GC invocations=12 (full 3):
 PSYoungGen      total 306688K, used 269565K [0x00000000d6980000, 0x00000000ec000000, 0x0000000100000000)
  eden space 287744K, 93% used [0x00000000d6980000,0x00000000e70a74b0,0x00000000e8280000)
  from space 18944K, 0% used [0x00000000e9680000,0x00000000e9698000,0x00000000ea900000)
  to   space 20480K, 0% used [0x00000000e8280000,0x00000000e8280000,0x00000000e9680000)
 ParOldGen       total 228352K, used 140642K [0x0000000083c00000, 0x0000000091b00000, 0x00000000d6980000)
  object space 228352K, 61% used [0x0000000083c00000,0x000000008c558938,0x0000000091b00000)
 Metaspace       used 28781K, capacity 28989K, committed 29440K, reserved 1075200K
  class space    used 3385K, capacity 3475K, committed 3584K, reserved 1048576K
Event: 378.342 GC heap after
Heap after GC invocations=12 (full 3):
 PSYoungGen      total 308224K, used 384K [0x00000000d6980000, 0x00000000f1600000, 0x0000000100000000)
  eden space 287744K, 0% used [0x00000000d6980000,0x00000000d6980000,0x00000000e8280000)
  from space 20480K, 1% used [0x00000000e8280000,0x00000000e82e0000,0x00000000e9680000)
  to   space 21504K, 0% used [0x00000000f0100000,0x00000000f0100000,0x00000000f1600000)
 ParOldGen       total 267776K, used 257837K [0x0000000083c00000, 0x0000000094180000, 0x00000000d6980000)
  object space 267776K, 96% used [0x0000000083c00000,0x00000000937cb768,0x0000000094180000)
 Metaspace       used 28781K, capacity 28989K, committed 29440K, reserved 1075200K
  class space    used 3385K, capacity 3475K, committed 3584K, reserved 1048576K
}
Event: 378.342 GC heap before
{Heap before GC invocations=13 (full 4):
 PSYoungGen      total 308224K, used 384K [0x00000000d6980000, 0x00000000f1600000, 0x0000000100000000)
  eden space 287744K, 0% used [0x00000000d6980000,0x00000000d6980000,0x00000000e8280000)
  from space 20480K, 1% used [0x00000000e8280000,0x00000000e82e0000,0x00000000e9680000)
  to   space 21504K, 0% used [0x00000000f0100000,0x00000000f0100000,0x00000000f1600000)
 ParOldGen       total 267776K, used 257837K [0x0000000083c00000, 0x0000000094180000, 0x00000000d6980000)
  object space 267776K, 96% used [0x0000000083c00000,0x00000000937cb768,0x0000000094180000)
 Metaspace       used 28781K, capacity 28989K, committed 29440K, reserved 1075200K
  class space    used 3385K, capacity 3475K, committed 3584K, reserved 1048576K
Event: 379.205 GC heap after
Heap after GC invocations=13 (full 4):
 PSYoungGen      total 308224K, used 0K [0x00000000d6980000, 0x00000000f1600000, 0x0000000100000000)
  eden space 287744K, 0% used [0x00000000d6980000,0x00000000d6980000,0x00000000e8280000)
  from space 20480K, 0% used [0x00000000e8280000,0x00000000e8280000,0x00000000e9680000)
  to   space 21504K, 0% used [0x00000000f0100000,0x00000000f0100000,0x00000000f1600000)
 ParOldGen       total 324608K, used 140644K [0x0000000083c00000, 0x0000000097900000, 0x00000000d6980000)
  object space 324608K, 43% used [0x0000000083c00000,0x000000008c559128,0x0000000097900000)
 Metaspace       used 28781K, capacity 28989K, committed 29440K, reserved 1075200K
  class space    used 3385K, capacity 3475K, committed 3584K, reserved 1048576K
}
Event: 699.535 GC heap before
{Heap before GC invocations=14 (full 4):
 PSYoungGen      total 308224K, used 269349K [0x00000000d6980000, 0x00000000f1600000, 0x0000000100000000)
  eden space 287744K, 93% used [0x00000000d6980000,0x00000000e7089780,0x00000000e8280000)
  from space 20480K, 0% used [0x00000000e8280000,0x00000000e8280000,0x00000000e9680000)
  to   space 21504K, 0% used [0x00000000f0100000,0x00000000f0100000,0x00000000f1600000)
 ParOldGen       total 324608K, used 140644K [0x0000000083c00000, 0x0000000097900000, 0x00000000d6980000)
  object space 324608K, 43% used [0x0000000083c00000,0x000000008c559128,0x0000000097900000)
 Metaspace       used 28828K, capacity 29053K, committed 29440K, reserved 1075200K
  class space    used 3385K, capacity 3475K, committed 3584K, reserved 1048576K
Event: 700.143 GC heap after
Heap after GC invocations=14 (full 4):
 PSYoungGen      total 413184K, used 352K [0x00000000d6980000, 0x00000000f1400000, 0x0000000100000000)
  eden space 393728K, 0% used [0x00000000d6980000,0x00000000d6980000,0x00000000eea00000)
  from space 19456K, 1% used [0x00000000f0100000,0x00000000f0158000,0x00000000f1400000)
  to   space 21504K, 0% used [0x00000000eea00000,0x00000000eea00000,0x00000000eff00000)
 ParOldGen       total 324608K, used 140652K [0x0000000083c00000, 0x0000000097900000, 0x00000000d6980000)
  object space 324608K, 43% used [0x0000000083c00000,0x000000008c55b128,0x0000000097900000)
 Metaspace       used 28828K, capacity 29053K, committed 29440K, reserved 1075200K
  class space    used 3385K, capacity 3475K, committed 3584K, reserved 1048576K
}
Event: 1037.771 GC heap before
{Heap before GC invocations=15 (full 4):
 PSYoungGen      total 413184K, used 390831K [0x00000000d6980000, 0x00000000f1400000, 0x0000000100000000)
  eden space 393728K, 99% used [0x00000000d6980000,0x00000000ee6d3f30,0x00000000eea00000)
  from space 19456K, 1% used [0x00000000f0100000,0x00000000f0158000,0x00000000f1400000)
  to   space 21504K, 0% used [0x00000000eea00000,0x00000000eea00000,0x00000000eff00000)
 ParOldGen       total 324608K, used 140652K [0x0000000083c00000, 0x0000000097900000, 0x00000000d6980000)
  object space 324608K, 43% used [0x0000000083c00000,0x000000008c55b128,0x0000000097900000)
 Metaspace       used 28845K, capacity 29117K, committed 29440K, reserved 1075200K
  class space    used 3385K, capacity 3475K, committed 3584K, reserved 1048576K

