# JRE version: OpenJDK Runtime Environment (8.0_242-b08) (build 1.8.0_242-8u242-b08-0ubuntu3~18.04-b08)
# Java VM: OpenJDK 64-Bit Server VM (25.242-b08 mixed mode linux-amd64 compressed oops)
Heap:
 PSYoungGen      total 258560K, used 0K [0x00000000d6980000, 0x00000000e7800000, 0x0000000100000000)
  eden space 242176K, 0% used [0x00000000d6980000,0x00000000d6980000,0x00000000e5600000)
  from space 16384K, 0% used [0x00000000e6800000,0x00000000e6800000,0x00000000e7800000)
  to   space 17408K, 0% used [0x00000000e5600000,0x00000000e5600000,0x00000000e6700000)
 ParOldGen       total 438784K, used 179586K [0x0000000083c00000, 0x000000009e880000, 0x00000000d6980000)
  object space 438784K, 40% used [0x0000000083c00000,0x000000008eb60b38,0x000000009e880000)
 Metaspace       used 28871K, capacity 29117K, committed 29440K, reserved 1075200K
  class space    used 3388K, capacity 3475K, committed 3584K, reserved 1048576K
GC Heap History (10 events):
Event: 622.784 GC heap after
Heap after GC invocations=22 (full 5):
 PSYoungGen      total 227328K, used 192K [0x00000000d6980000, 0x00000000e6d80000, 0x0000000100000000)
  eden space 207360K, 0% used [0x00000000d6980000,0x00000000d6980000,0x00000000e3400000)
  from space 19968K, 0% used [0x00000000e3400000,0x00000000e3430000,0x00000000e4780000)
  to   space 19456K, 0% used [0x00000000e5a80000,0x00000000e5a80000,0x00000000e6d80000)
 ParOldGen       total 375808K, used 140525K [0x0000000083c00000, 0x000000009ab00000, 0x00000000d6980000)
  object space 375808K, 37% used [0x0000000083c00000,0x000000008c53b738,0x000000009ab00000)
 Metaspace       used 28862K, capacity 29117K, committed 29440K, reserved 1075200K
  class space    used 3388K, capacity 3475K, committed 3584K, reserved 1048576K
}
Event: 894.763 GC heap before
{Heap before GC invocations=23 (full 5):
 PSYoungGen      total 227328K, used 185334K [0x00000000d6980000, 0x00000000e6d80000, 0x0000000100000000)
  eden space 207360K, 89% used [0x00000000d6980000,0x00000000e1e4db68,0x00000000e3400000)
  from space 19968K, 0% used [0x00000000e3400000,0x00000000e3430000,0x00000000e4780000)
  to   space 19456K, 0% used [0x00000000e5a80000,0x00000000e5a80000,0x00000000e6d80000)
 ParOldGen       total 375808K, used 140525K [0x0000000083c00000, 0x000000009ab00000, 0x00000000d6980000)
  object space 375808K, 37% used [0x0000000083c00000,0x000000008c53b738,0x000000009ab00000)
 Metaspace       used 28870K, capacity 29117K, committed 29440K, reserved 1075200K
  class space    used 3388K, capacity 3475K, committed 3584K, reserved 1048576K
Event: 899.717 GC heap after
Heap after GC invocations=23 (full 5):
 PSYoungGen      total 239616K, used 384K [0x00000000d6980000, 0x00000000e6980000, 0x0000000100000000)
  eden space 224256K, 0% used [0x00000000d6980000,0x00000000d6980000,0x00000000e4480000)
  from space 15360K, 2% used [0x00000000e5a80000,0x00000000e5ae0000,0x00000000e6980000)
  to   space 18944K, 0% used [0x00000000e4480000,0x00000000e4480000,0x00000000e5700000)
 ParOldGen       total 375808K, used 257721K [0x0000000083c00000, 0x000000009ab00000, 0x00000000d6980000)
  object space 375808K, 68% used [0x0000000083c00000,0x00000000937ae568,0x000000009ab00000)
 Metaspace       used 28870K, capacity 29117K, committed 29440K, reserved 1075200K
  class space    used 3388K, capacity 3475K, committed 3584K, reserved 1048576K
}
Event: 899.717 GC heap before
{Heap before GC invocations=24 (full 6):
 PSYoungGen      total 239616K, used 384K [0x00000000d6980000, 0x00000000e6980000, 0x0000000100000000)
  eden space 224256K, 0% used [0x00000000d6980000,0x00000000d6980000,0x00000000e4480000)
  from space 15360K, 2% used [0x00000000e5a80000,0x00000000e5ae0000,0x00000000e6980000)
  to   space 18944K, 0% used [0x00000000e4480000,0x00000000e4480000,0x00000000e5700000)
 ParOldGen       total 375808K, used 257721K [0x0000000083c00000, 0x000000009ab00000, 0x00000000d6980000)
  object space 375808K, 68% used [0x0000000083c00000,0x00000000937ae568,0x000000009ab00000)
 Metaspace       used 28870K, capacity 29117K, committed 29440K, reserved 1075200K
  class space    used 3388K, capacity 3475K, committed 3584K, reserved 1048576K
Event: 900.004 GC heap after
Heap after GC invocations=24 (full 6):
 PSYoungGen      total 239616K, used 0K [0x00000000d6980000, 0x00000000e6980000, 0x0000000100000000)
  eden space 224256K, 0% used [0x00000000d6980000,0x00000000d6980000,0x00000000e4480000)
  from space 15360K, 0% used [0x00000000e5a80000,0x00000000e5a80000,0x00000000e6980000)
  to   space 18944K, 0% used [0x00000000e4480000,0x00000000e4480000,0x00000000e5700000)
 ParOldGen       total 438784K, used 140552K [0x0000000083c00000, 0x000000009e880000, 0x00000000d6980000)
  object space 438784K, 32% used [0x0000000083c00000,0x000000008c542308,0x000000009e880000)
 Metaspace       used 28870K, capacity 29117K, committed 29440K, reserved 1075200K
  class space    used 3388K, capacity 3475K, committed 3584K, reserved 1048576K
}
Event: 1011.275 GC heap before
{Heap before GC invocations=25 (full 6):
 PSYoungGen      total 239616K, used 224256K [0x00000000d6980000, 0x00000000e6980000, 0x0000000100000000)
  eden space 224256K, 100% used [0x00000000d6980000,0x00000000e4480000,0x00000000e4480000)
  from space 15360K, 0% used [0x00000000e5a80000,0x00000000e5a80000,0x00000000e6980000)
  to   space 18944K, 0% used [0x00000000e4480000,0x00000000e4480000,0x00000000e5700000)
 ParOldGen       total 438784K, used 140552K [0x0000000083c00000, 0x000000009e880000, 0x00000000d6980000)
  object space 438784K, 32% used [0x0000000083c00000,0x000000008c542308,0x000000009e880000)
 Metaspace       used 28870K, capacity 29117K, committed 29440K, reserved 1075200K
  class space    used 3388K, capacity 3475K, committed 3584K, reserved 1048576K
Event: 1011.280 GC heap after
Heap after GC invocations=25 (full 6):
 PSYoungGen      total 243200K, used 256K [0x00000000d6980000, 0x00000000e7980000, 0x0000000100000000)
  eden space 224256K, 0% used [0x00000000d6980000,0x00000000d6980000,0x00000000e4480000)
  from space 18944K, 1% used [0x00000000e4480000,0x00000000e44c0000,0x00000000e5700000)
  to   space 17920K, 0% used [0x00000000e6800000,0x00000000e6800000,0x00000000e7980000)
 ParOldGen       total 438784K, used 140560K [0x0000000083c00000, 0x000000009e880000, 0x00000000d6980000)
  object space 438784K, 32% used [0x0000000083c00000,0x000000008c544308,0x000000009e880000)
 Metaspace       used 28870K, capacity 29117K, committed 29440K, reserved 1075200K
  class space    used 3388K, capacity 3475K, committed 3584K, reserved 1048576K
}
Event: 1325.254 GC heap before
{Heap before GC invocations=26 (full 6):
 PSYoungGen      total 243200K, used 206920K [0x00000000d6980000, 0x00000000e7980000, 0x0000000100000000)
  eden space 224256K, 92% used [0x00000000d6980000,0x00000000e3352338,0x00000000e4480000)
  from space 18944K, 1% used [0x00000000e4480000,0x00000000e44c0000,0x00000000e5700000)
  to   space 17920K, 0% used [0x00000000e6800000,0x00000000e6800000,0x00000000e7980000)
 ParOldGen       total 438784K, used 140560K [0x0000000083c00000, 0x000000009e880000, 0x00000000d6980000)
  object space 438784K, 32% used [0x0000000083c00000,0x000000008c544308,0x000000009e880000)
 Metaspace       used 28871K, capacity 29117K, committed 29440K, reserved 1075200K
  class space    used 3388K, capacity 3475K, committed 3584K, reserved 1048576K
Event: 1339.453 GC heap after
Heap after GC invocations=26 (full 6):
 PSYoungGen      total 258560K, used 352K [0x00000000d6980000, 0x00000000e7800000, 0x0000000100000000)
  eden space 242176K, 0% used [0x00000000d6980000,0x00000000d6980000,0x00000000e5600000)
  from space 16384K, 2% used [0x00000000e6800000,0x00000000e6858000,0x00000000e7800000)
  to   space 17408K, 0% used [0x00000000e5600000,0x00000000e5600000,0x00000000e6700000)
 ParOldGen       total 438784K, used 296810K [0x0000000083c00000, 0x000000009e880000, 0x00000000d6980000)
  object space 438784K, 67% used [0x0000000083c00000,0x0000000095ddab48,0x000000009e880000)
 Metaspace       used 28871K, capacity 29117K, committed 29440K, reserved 1075200K
  class space    used 3388K, capacity 3475K, committed 3584K, reserved 1048576K
}
Event: 1339.689 GC heap before
{Heap before GC invocations=27 (full 7):
 PSYoungGen      total 258560K, used 352K [0x00000000d6980000, 0x00000000e7800000, 0x0000000100000000)
  eden space 242176K, 0% used [0x00000000d6980000,0x00000000d6980000,0x00000000e5600000)
  from space 16384K, 2% used [0x00000000e6800000,0x00000000e6858000,0x00000000e7800000)
  to   space 17408K, 0% used [0x00000000e5600000,0x00000000e5600000,0x00000000e6700000)
 ParOldGen       total 438784K, used 296810K [0x0000000083c00000, 0x000000009e880000, 0x00000000d6980000)
  object space 438784K, 67% used [0x0000000083c00000,0x0000000095ddab48,0x000000009e880000)
 Metaspace       used 28871K, capacity 29117K, committed 29440K, reserved 1075200K
  class space    used 3388K, capacity 3475K, committed 3584K, reserved 1048576K

