# JRE version: OpenJDK Runtime Environment (8.0_222-b10) (build 1.8.0_222-8u222-b10-1ubuntu1~18.04.1-b10)
# Java VM: OpenJDK 64-Bit Server VM (25.222-b10 mixed mode linux-amd64 compressed oops)
Heap:
 PSYoungGen      total 357888K, used 0K [0x00000000d6980000, 0x00000000f4c80000, 0x0000000100000000)
  eden space 289280K, 0% used [0x00000000d6980000,0x00000000d6980000,0x00000000e8400000)
  from space 68608K, 0% used [0x00000000eca00000,0x00000000eca00000,0x00000000f0d00000)
  to   space 71680K, 0% used [0x00000000e8400000,0x00000000e8400000,0x00000000eca00000)
 ParOldGen       total 1049600K, used 788875K [0x0000000083c00000, 0x00000000c3d00000, 0x00000000d6980000)
  object space 1049600K, 75% used [0x0000000083c00000,0x00000000b3e62da8,0x00000000c3d00000)
 Metaspace       used 31049K, capacity 31279K, committed 31488K, reserved 1077248K
  class space    used 3413K, capacity 3490K, committed 3584K, reserved 1048576K
GC Heap History (10 events):
Event: 455730.834 GC heap after
Heap after GC invocations=2253 (full 649):
 PSYoungGen      total 388096K, used 0K [0x00000000d6980000, 0x00000000f3080000, 0x0000000100000000)
  eden space 327680K, 0% used [0x00000000d6980000,0x00000000d6980000,0x00000000ea980000)
  from space 60416K, 0% used [0x00000000ef580000,0x00000000ef580000,0x00000000f3080000)
  to   space 69120K, 0% used [0x00000000ea980000,0x00000000ea980000,0x00000000eed00000)
 ParOldGen       total 1049600K, used 710874K [0x0000000083c00000, 0x00000000c3d00000, 0x00000000d6980000)
  object space 1049600K, 67% used [0x0000000083c00000,0x00000000af236b88,0x00000000c3d00000)
 Metaspace       used 31049K, capacity 31279K, committed 31488K, reserved 1077248K
  class space    used 3413K, capacity 3490K, committed 3584K, reserved 1048576K
}
Event: 456034.922 GC heap before
{Heap before GC invocations=2254 (full 649):
 PSYoungGen      total 388096K, used 308878K [0x00000000d6980000, 0x00000000f3080000, 0x0000000100000000)
  eden space 327680K, 94% used [0x00000000d6980000,0x00000000e97238d8,0x00000000ea980000)
  from space 60416K, 0% used [0x00000000ef580000,0x00000000ef580000,0x00000000f3080000)
  to   space 69120K, 0% used [0x00000000ea980000,0x00000000ea980000,0x00000000eed00000)
 ParOldGen       total 1049600K, used 710874K [0x0000000083c00000, 0x00000000c3d00000, 0x00000000d6980000)
  object space 1049600K, 67% used [0x0000000083c00000,0x00000000af236b88,0x00000000c3d00000)
 Metaspace       used 31049K, capacity 31279K, committed 31488K, reserved 1077248K
  class space    used 3413K, capacity 3490K, committed 3584K, reserved 1048576K
Event: 456034.927 GC heap after
Heap after GC invocations=2254 (full 649):
 PSYoungGen      total 315904K, used 224K [0x00000000d6980000, 0x00000000f2080000, 0x0000000100000000)
  eden space 315392K, 0% used [0x00000000d6980000,0x00000000d6980000,0x00000000e9d80000)
  from space 512K, 43% used [0x00000000ea980000,0x00000000ea9b8000,0x00000000eaa00000)
  to   space 67072K, 0% used [0x00000000edf00000,0x00000000edf00000,0x00000000f2080000)
 ParOldGen       total 1049600K, used 710874K [0x0000000083c00000, 0x00000000c3d00000, 0x00000000d6980000)
  object space 1049600K, 67% used [0x0000000083c00000,0x00000000af236b88,0x00000000c3d00000)
 Metaspace       used 31049K, capacity 31279K, committed 31488K, reserved 1077248K
  class space    used 3413K, capacity 3490K, committed 3584K, reserved 1048576K
}
Event: 456357.878 GC heap before
{Heap before GC invocations=2255 (full 649):
 PSYoungGen      total 315904K, used 307674K [0x00000000d6980000, 0x00000000f2080000, 0x0000000100000000)
  eden space 315392K, 97% used [0x00000000d6980000,0x00000000e95be8e8,0x00000000e9d80000)
  from space 512K, 43% used [0x00000000ea980000,0x00000000ea9b8000,0x00000000eaa00000)
  to   space 67072K, 0% used [0x00000000edf00000,0x00000000edf00000,0x00000000f2080000)
 ParOldGen       total 1049600K, used 710874K [0x0000000083c00000, 0x00000000c3d00000, 0x00000000d6980000)
  object space 1049600K, 67% used [0x0000000083c00000,0x00000000af236b88,0x00000000c3d00000)
 Metaspace       used 31049K, capacity 31279K, committed 31488K, reserved 1077248K
  class space    used 3413K, capacity 3490K, committed 3584K, reserved 1048576K
Event: 456358.046 GC heap after
Heap after GC invocations=2255 (full 649):
 PSYoungGen      total 366080K, used 39318K [0x00000000d6980000, 0x00000000f1c00000, 0x0000000100000000)
  eden space 303616K, 0% used [0x00000000d6980000,0x00000000d6980000,0x00000000e9200000)
  from space 62464K, 62% used [0x00000000edf00000,0x00000000f0565a10,0x00000000f1c00000)
  to   space 70656K, 0% used [0x00000000e9200000,0x00000000e9200000,0x00000000ed700000)
 ParOldGen       total 1049600K, used 749945K [0x0000000083c00000, 0x00000000c3d00000, 0x00000000d6980000)
  object space 1049600K, 71% used [0x0000000083c00000,0x00000000b185e598,0x00000000c3d00000)
 Metaspace       used 31049K, capacity 31279K, committed 31488K, reserved 1077248K
  class space    used 3413K, capacity 3490K, committed 3584K, reserved 1048576K
}
Event: 456843.120 GC heap before
{Heap before GC invocations=2256 (full 649):
 PSYoungGen      total 366080K, used 306452K [0x00000000d6980000, 0x00000000f1c00000, 0x0000000100000000)
  eden space 303616K, 87% used [0x00000000d6980000,0x00000000e6e5f840,0x00000000e9200000)
  from space 62464K, 62% used [0x00000000edf00000,0x00000000f0565a10,0x00000000f1c00000)
  to   space 70656K, 0% used [0x00000000e9200000,0x00000000e9200000,0x00000000ed700000)
 ParOldGen       total 1049600K, used 749945K [0x0000000083c00000, 0x00000000c3d00000, 0x00000000d6980000)
  object space 1049600K, 71% used [0x0000000083c00000,0x00000000b185e598,0x00000000c3d00000)
 Metaspace       used 31049K, capacity 31279K, committed 31488K, reserved 1077248K
  class space    used 3413K, capacity 3490K, committed 3584K, reserved 1048576K
Event: 456851.245 GC heap after
Heap after GC invocations=2256 (full 649):
 PSYoungGen      total 292864K, used 384K [0x00000000d6980000, 0x00000000f0d00000, 0x0000000100000000)
  eden space 292352K, 0% used [0x00000000d6980000,0x00000000d6980000,0x00000000e8700000)
  from space 512K, 75% used [0x00000000e9200000,0x00000000e9260000,0x00000000e9280000)
  to   space 68608K, 0% used [0x00000000eca00000,0x00000000eca00000,0x00000000f0d00000)
 ParOldGen       total 1049600K, used 749945K [0x0000000083c00000, 0x00000000c3d00000, 0x00000000d6980000)
  object space 1049600K, 71% used [0x0000000083c00000,0x00000000b185e598,0x00000000c3d00000)
 Metaspace       used 31049K, capacity 31279K, committed 31488K, reserved 1077248K
  class space    used 3413K, capacity 3490K, committed 3584K, reserved 1048576K
}
Event: 456855.310 GC heap before
{Heap before GC invocations=2257 (full 649):
 PSYoungGen      total 292864K, used 273821K [0x00000000d6980000, 0x00000000f0d00000, 0x0000000100000000)
  eden space 292352K, 93% used [0x00000000d6980000,0x00000000e7487670,0x00000000e8700000)
  from space 512K, 75% used [0x00000000e9200000,0x00000000e9260000,0x00000000e9280000)
  to   space 68608K, 0% used [0x00000000eca00000,0x00000000eca00000,0x00000000f0d00000)
 ParOldGen       total 1049600K, used 749945K [0x0000000083c00000, 0x00000000c3d00000, 0x00000000d6980000)
  object space 1049600K, 71% used [0x0000000083c00000,0x00000000b185e598,0x00000000c3d00000)
 Metaspace       used 31049K, capacity 31279K, committed 31488K, reserved 1077248K
  class space    used 3413K, capacity 3490K, committed 3584K, reserved 1048576K
Event: 456882.892 GC heap after
Heap after GC invocations=2257 (full 649):
 PSYoungGen      total 357888K, used 39062K [0x00000000d6980000, 0x00000000f4c80000, 0x0000000100000000)
  eden space 289280K, 0% used [0x00000000d6980000,0x00000000d6980000,0x00000000e8400000)
  from space 68608K, 56% used [0x00000000eca00000,0x00000000ef025a10,0x00000000f0d00000)
  to   space 71680K, 0% used [0x00000000e8400000,0x00000000e8400000,0x00000000eca00000)
 ParOldGen       total 1049600K, used 984384K [0x0000000083c00000, 0x00000000c3d00000, 0x00000000d6980000)
  object space 1049600K, 93% used [0x0000000083c00000,0x00000000bfd501f8,0x00000000c3d00000)
 Metaspace       used 31049K, capacity 31279K, committed 31488K, reserved 1077248K
  class space    used 3413K, capacity 3490K, committed 3584K, reserved 1048576K
}
Event: 456883.367 GC heap before
{Heap before GC invocations=2258 (full 650):
 PSYoungGen      total 357888K, used 39062K [0x00000000d6980000, 0x00000000f4c80000, 0x0000000100000000)
  eden space 289280K, 0% used [0x00000000d6980000,0x00000000d6980000,0x00000000e8400000)
  from space 68608K, 56% used [0x00000000eca00000,0x00000000ef025a10,0x00000000f0d00000)
  to   space 71680K, 0% used [0x00000000e8400000,0x00000000e8400000,0x00000000eca00000)
 ParOldGen       total 1049600K, used 984384K [0x0000000083c00000, 0x00000000c3d00000, 0x00000000d6980000)
  object space 1049600K, 93% used [0x0000000083c00000,0x00000000bfd501f8,0x00000000c3d00000)
 Metaspace       used 31049K, capacity 31279K, committed 31488K, reserved 1077248K
  class space    used 3413K, capacity 3490K, committed 3584K, reserved 1048576K

